Determining if the pthread_create exist failed with the following output:
Change Dir: /home/oglocgreen/Documents/catkin_ws/build/CMakeFiles/CMakeTmp

Run Build Command:"/usr/bin/make" "cmTC_80588/fast"
/usr/bin/make -f CMakeFiles/cmTC_80588.dir/build.make CMakeFiles/cmTC_80588.dir/build
make[1]: Verzeichnis „/home/oglocgreen/Documents/catkin_ws/build/CMakeFiles/CMakeTmp“ wird betreten
Building C object CMakeFiles/cmTC_80588.dir/CheckSymbolExists.c.o
/usr/bin/cc    -o CMakeFiles/cmTC_80588.dir/CheckSymbolExists.c.o   -c /home/oglocgreen/Documents/catkin_ws/build/CMakeFiles/CMakeTmp/CheckSymbolExists.c
Linking C executable cmTC_80588
/usr/bin/cmake -E cmake_link_script CMakeFiles/cmTC_80588.dir/link.txt --verbose=1
/usr/bin/cc      -rdynamic CMakeFiles/cmTC_80588.dir/CheckSymbolExists.c.o  -o cmTC_80588 
CMakeFiles/cmTC_80588.dir/CheckSymbolExists.c.o: In Funktion »main«:
CheckSymbolExists.c:(.text+0x1b): Warnung: undefinierter Verweis auf »pthread_create«
collect2: error: ld returned 1 exit status
CMakeFiles/cmTC_80588.dir/build.make:97: recipe for target 'cmTC_80588' failed
make[1]: *** [cmTC_80588] Error 1
make[1]: Verzeichnis „/home/oglocgreen/Documents/catkin_ws/build/CMakeFiles/CMakeTmp“ wird verlassen
Makefile:126: recipe for target 'cmTC_80588/fast' failed
make: *** [cmTC_80588/fast] Error 2

File /home/oglocgreen/Documents/catkin_ws/build/CMakeFiles/CMakeTmp/CheckSymbolExists.c:
/* */
#include <pthread.h>

int main(int argc, char** argv)
{
  (void)argv;
#ifndef pthread_create
  return ((int*)(&pthread_create))[argc];
#else
  (void)argc;
  return 0;
#endif
}

Determining if the function pthread_create exists in the pthreads failed with the following output:
Change Dir: /home/oglocgreen/Documents/catkin_ws/build/CMakeFiles/CMakeTmp

Run Build Command:"/usr/bin/make" "cmTC_59f3c/fast"
/usr/bin/make -f CMakeFiles/cmTC_59f3c.dir/build.make CMakeFiles/cmTC_59f3c.dir/build
make[1]: Verzeichnis „/home/oglocgreen/Documents/catkin_ws/build/CMakeFiles/CMakeTmp“ wird betreten
Building C object CMakeFiles/cmTC_59f3c.dir/CheckFunctionExists.c.o
/usr/bin/cc   -DCHECK_FUNCTION_EXISTS=pthread_create   -o CMakeFiles/cmTC_59f3c.dir/CheckFunctionExists.c.o   -c /usr/share/cmake-3.10/Modules/CheckFunctionExists.c
Linking C executable cmTC_59f3c
/usr/bin/cmake -E cmake_link_script CMakeFiles/cmTC_59f3c.dir/link.txt --verbose=1
/usr/bin/cc  -DCHECK_FUNCTION_EXISTS=pthread_create    -rdynamic CMakeFiles/cmTC_59f3c.dir/CheckFunctionExists.c.o  -o cmTC_59f3c -lpthreads 
/usr/bin/ld: -lpthreads kann nicht gefunden werden
collect2: error: ld returned 1 exit status
CMakeFiles/cmTC_59f3c.dir/build.make:97: recipe for target 'cmTC_59f3c' failed
make[1]: *** [cmTC_59f3c] Error 1
make[1]: Verzeichnis „/home/oglocgreen/Documents/catkin_ws/build/CMakeFiles/CMakeTmp“ wird verlassen
Makefile:126: recipe for target 'cmTC_59f3c/fast' failed
make: *** [cmTC_59f3c/fast] Error 2


